# JRE version: Java(TM) SE Runtime Environment (20.0.2+9) (build 20.0.2+9-78)
# Java VM: Java HotSpot(TM) 64-Bit Server VM (20.0.2+9-78, mixed mode, sharing, tiered, compressed oops, compressed class ptrs, g1 gc, bsd-amd64)
GC Precious Log:
 CardTable entry size: 512
 Card Set container configuration: InlinePtr #cards 4 size 8 Array Of Cards #cards 16 size 48 Howl #buckets 8 coarsen threshold 3686 Howl Bitmap #cards 512 size 80 coarsen threshold 460 Card regions per heap region 1 cards per card region 4096
 CPUs: 8 total, 8 available
 Memory: 16384M
 Large Page Support: Disabled
 NUMA Support: Disabled
 Compressed Oops: Enabled (Zero based)
 Heap Region Size: 2M
 Heap Min Capacity: 8M
 Heap Initial Capacity: 256M
 Heap Max Capacity: 4G
 Pre-touch: Disabled
 Parallel Workers: 8
 Concurrent Workers: 2
 Concurrent Refinement Workers: 8
 Periodic GC: Disabled
Heap:
 garbage-first heap   total 266240K, used 90387K [0x0000000700000000, 0x0000000800000000)
  region size 2048K, 44 young (90112K), 4 survivors (8192K)
 Metaspace       used 15466K, committed 15936K, reserved 1114112K
  class space    used 1540K, committed 1728K, reserved 1048576K
GC Heap History (6 events):
Event: 1.356 GC heap before
{Heap before GC invocations=0 (full 0):
 garbage-first heap   total 266240K, used 24544K [0x0000000700000000, 0x0000000800000000)
  region size 2048K, 11 young (22528K), 0 survivors (0K)
 Metaspace       used 7636K, committed 7808K, reserved 1114112K
  class space    used 856K, committed 960K, reserved 1048576K
}
Event: 1.360 GC heap after
{Heap after GC invocations=1 (full 0):
 garbage-first heap   total 266240K, used 6052K [0x0000000700000000, 0x0000000800000000)
  region size 2048K, 2 young (4096K), 2 survivors (4096K)
 Metaspace       used 7636K, committed 7808K, reserved 1114112K
  class space    used 856K, committed 960K, reserved 1048576K
}
Event: 19.179 GC heap before
{Heap before GC invocations=1 (full 0):
 garbage-first heap   total 266240K, used 47012K [0x0000000700000000, 0x0000000800000000)
  region size 2048K, 23 young (47104K), 2 survivors (4096K)
 Metaspace       used 14200K, committed 14528K, reserved 1114112K
  class space    used 1439K, committed 1600K, reserved 1048576K
}
Event: 19.184 GC heap after
{Heap after GC invocations=2 (full 0):
 garbage-first heap   total 266240K, used 9129K [0x0000000700000000, 0x0000000800000000)
  region size 2048K, 2 young (4096K), 2 survivors (4096K)
 Metaspace       used 14200K, committed 14528K, reserved 1114112K
  class space    used 1439K, committed 1600K, reserved 1048576K
}
Event: 101.974 GC heap before
{Heap before GC invocations=2 (full 0):
 garbage-first heap   total 266240K, used 95145K [0x0000000700000000, 0x0000000800000000)
  region size 2048K, 45 young (92160K), 2 survivors (4096K)
 Metaspace       used 15336K, committed 15808K, reserved 1114112K
  class space    used 1538K, committed 1728K, reserved 1048576K
}
Event: 101.980 GC heap after
{Heap after GC invocations=3 (full 0):
 garbage-first heap   total 266240K, used 12563K [0x0000000700000000, 0x0000000800000000)
  region size 2048K, 4 young (8192K), 4 survivors (8192K)
 Metaspace       used 15336K, committed 15808K, reserved 1114112K
  class space    used 1538K, committed 1728K, reserved 1048576K
}

