# JRE version: Java(TM) SE Runtime Environment (20.0+36) (build 20+36-2344)
# Java VM: Java HotSpot(TM) 64-Bit Server VM (20+36-2344, mixed mode, sharing, tiered, compressed oops, compressed class ptrs, g1 gc, linux-amd64)
GC Precious Log:
 CardTable entry size: 512
 Card Set container configuration: InlinePtr #cards 5 size 8 Array Of Cards #cards 12 size 40 Howl #buckets 4 coarsen threshold 1843 Howl Bitmap #cards 512 size 80 coarsen threshold 460 Card regions per heap region 1 cards per card region 2048
 CPUs: 16 total, 16 available
 Memory: 7876M
 Large Page Support: Disabled
 NUMA Support: Disabled
 Compressed Oops: Enabled (32-bit)
 Heap Region Size: 1M
 Heap Min Capacity: 8M
 Heap Initial Capacity: 124M
 Heap Max Capacity: 1970M
 Pre-touch: Disabled
 Parallel Workers: 13
 Concurrent Workers: 3
 Concurrent Refinement Workers: 13
 Periodic GC: Disabled
Heap:
 garbage-first heap   total 129024K, used 75304K [0x0000000084e00000, 0x0000000100000000)
  region size 1024K, 71 young (72704K), 4 survivors (4096K)
 Metaspace       used 15477K, committed 15936K, reserved 1114112K
  class space    used 1505K, committed 1728K, reserved 1048576K
GC Heap History (6 events):
Event: 120.161 GC heap before
{Heap before GC invocations=0 (full 0):
 garbage-first heap   total 129024K, used 24556K [0x0000000084e00000, 0x0000000100000000)
  region size 1024K, 23 young (23552K), 0 survivors (0K)
 Metaspace       used 8955K, committed 9152K, reserved 1114112K
  class space    used 1001K, committed 1088K, reserved 1048576K
}
Event: 120.168 GC heap after
{Heap after GC invocations=1 (full 0):
 garbage-first heap   total 129024K, used 5352K [0x0000000084e00000, 0x0000000100000000)
  region size 1024K, 3 young (3072K), 3 survivors (3072K)
 Metaspace       used 8955K, committed 9152K, reserved 1114112K
  class space    used 1001K, committed 1088K, reserved 1048576K
}
Event: 312.177 GC heap before
{Heap before GC invocations=1 (full 0):
 garbage-first heap   total 129024K, used 35048K [0x0000000084e00000, 0x0000000100000000)
  region size 1024K, 33 young (33792K), 3 survivors (3072K)
 Metaspace       used 11815K, committed 12096K, reserved 1114112K
  class space    used 1286K, committed 1408K, reserved 1048576K
}
Event: 312.184 GC heap after
{Heap after GC invocations=2 (full 0):
 garbage-first heap   total 129024K, used 7809K [0x0000000084e00000, 0x0000000100000000)
  region size 1024K, 3 young (3072K), 3 survivors (3072K)
 Metaspace       used 11815K, committed 12096K, reserved 1114112K
  class space    used 1286K, committed 1408K, reserved 1048576K
}
Event: 419.639 GC heap before
{Heap before GC invocations=2 (full 0):
 garbage-first heap   total 129024K, used 79489K [0x0000000084e00000, 0x0000000100000000)
  region size 1024K, 74 young (75776K), 3 survivors (3072K)
 Metaspace       used 15269K, committed 15744K, reserved 1114112K
  class space    used 1499K, committed 1728K, reserved 1048576K
}
Event: 419.645 GC heap after
{Heap after GC invocations=3 (full 0):
 garbage-first heap   total 129024K, used 8744K [0x0000000084e00000, 0x0000000100000000)
  region size 1024K, 4 young (4096K), 4 survivors (4096K)
 Metaspace       used 15269K, committed 15744K, reserved 1114112K
  class space    used 1499K, committed 1728K, reserved 1048576K
}

