# JRE version: Java(TM) SE Runtime Environment (20.0+36) (build 20+36-2344)
# Java VM: Java HotSpot(TM) 64-Bit Server VM (20+36-2344, mixed mode, sharing, tiered, compressed oops, compressed class ptrs, g1 gc, linux-amd64)
GC Precious Log:
 CardTable entry size: 512
 Card Set container configuration: InlinePtr #cards 5 size 8 Array Of Cards #cards 12 size 40 Howl #buckets 4 coarsen threshold 1843 Howl Bitmap #cards 512 size 80 coarsen threshold 460 Card regions per heap region 1 cards per card region 2048
 CPUs: 16 total, 16 available
 Memory: 7876M
 Large Page Support: Disabled
 NUMA Support: Disabled
 Compressed Oops: Enabled (32-bit)
 Heap Region Size: 1M
 Heap Min Capacity: 8M
 Heap Initial Capacity: 124M
 Heap Max Capacity: 1970M
 Pre-touch: Disabled
 Parallel Workers: 13
 Concurrent Workers: 3
 Concurrent Refinement Workers: 13
 Periodic GC: Disabled
Heap:
 garbage-first heap   total 129024K, used 59494K [0x0000000084e00000, 0x0000000100000000)
  region size 1024K, 56 young (57344K), 8 survivors (8192K)
 Metaspace       used 15146K, committed 15552K, reserved 1114112K
  class space    used 1493K, committed 1664K, reserved 1048576K
GC Heap History (6 events):
Event: 10.329 GC heap before
{Heap before GC invocations=0 (full 0):
 garbage-first heap   total 129024K, used 24556K [0x0000000084e00000, 0x0000000100000000)
  region size 1024K, 23 young (23552K), 0 survivors (0K)
 Metaspace       used 8966K, committed 9216K, reserved 1114112K
  class space    used 986K, committed 1088K, reserved 1048576K
}
Event: 10.339 GC heap after
{Heap after GC invocations=1 (full 0):
 garbage-first heap   total 129024K, used 4888K [0x0000000084e00000, 0x0000000100000000)
  region size 1024K, 3 young (3072K), 3 survivors (3072K)
 Metaspace       used 8966K, committed 9216K, reserved 1114112K
  class space    used 986K, committed 1088K, reserved 1048576K
}
Event: 22.475 GC heap before
{Heap before GC invocations=1 (full 0):
 garbage-first heap   total 129024K, used 38680K [0x0000000084e00000, 0x0000000100000000)
  region size 1024K, 37 young (37888K), 3 survivors (3072K)
 Metaspace       used 11746K, committed 12096K, reserved 1114112K
  class space    used 1265K, committed 1408K, reserved 1048576K
}
Event: 22.481 GC heap after
{Heap after GC invocations=2 (full 0):
 garbage-first heap   total 129024K, used 7766K [0x0000000084e00000, 0x0000000100000000)
  region size 1024K, 3 young (3072K), 3 survivors (3072K)
 Metaspace       used 11746K, committed 12096K, reserved 1114112K
  class space    used 1265K, committed 1408K, reserved 1048576K
}
Event: 89.948 GC heap before
{Heap before GC invocations=2 (full 0):
 garbage-first heap   total 129024K, used 70230K [0x0000000084e00000, 0x0000000100000000)
  region size 1024K, 65 young (66560K), 3 survivors (3072K)
 Metaspace       used 14997K, committed 15424K, reserved 1114112K
  class space    used 1486K, committed 1664K, reserved 1048576K
}
Event: 89.957 GC heap after
{Heap after GC invocations=3 (full 0):
 garbage-first heap   total 129024K, used 12390K [0x0000000084e00000, 0x0000000100000000)
  region size 1024K, 8 young (8192K), 8 survivors (8192K)
 Metaspace       used 14997K, committed 15424K, reserved 1114112K
  class space    used 1486K, committed 1664K, reserved 1048576K
}

